<?xml version="1.0" encoding="UTF-8"?>
<!-- Generated by org.testng.reporters.JUnitReportReporter -->
<testsuite hostname="LAPTOP-9QL5EV9U" failures="0" tests="2" name="factory.DataFile" time="0.010" errors="0" timestamp="16 Apr 2019 16:19:10 GMT" skipped="0">
  <testcase classname="factory.DataFile" name="VerifyInvalidLogin" time="0.002"/>
  <testcase classname="factory.DataFile" name="VerifyInvalidLogin" time="0.008"/>
</testsuite> <!-- factory.DataFile -->
