<?xml version="1.0" encoding="UTF-8"?>
<!-- Generated by org.testng.reporters.JUnitReportReporter -->
<testsuite hostname="LAPTOP-9QL5EV9U" failures="0" tests="2" name="factory.twoWay" time="30.512" errors="0" timestamp="19 Apr 2019 12:51:53 GMT" skipped="0">
  <testcase classname="factory.twoWay" name="twoWayTrip" time="7.785"/>
  <testcase classname="factory.twoWay" name="twoWayRate" time="22.727"/>
</testsuite> <!-- factory.twoWay -->
