<?xml version="1.0" encoding="UTF-8"?>
<!-- Generated by org.testng.reporters.JUnitReportReporter -->
<testsuite hostname="LAPTOP-9QL5EV9U" failures="0" tests="2" name="factory.oneWay" time="35.306" errors="0" timestamp="19 Apr 2019 12:51:53 GMT" skipped="0">
  <testcase classname="factory.oneWay" name="SingleTrip" time="7.673"/>
  <testcase classname="factory.oneWay" name="findRate" time="27.633"/>
</testsuite> <!-- factory.oneWay -->
